<?xml version="1.0" encoding="UTF-8"?>
<testsuites name="jest tests" tests="14" failures="0" time="3.307">
  <testsuite name="Query Editor Test cases" errors="0" failures="0" skipped="0" timestamp="2023-02-17T13:31:30" time="1.866" tests="10">
    <testcase classname="Query Editor Test cases should handle minimal query" name="Query Editor Test cases should handle minimal query" time="0.001">
    </testcase>
    <testcase classname="Query Editor Test cases should handle minimal query with rawQuery on" name="Query Editor Test cases should handle minimal query with rawQuery on" time="0.001">
    </testcase>
    <testcase classname="Query Editor Test cases should handle basic query with From fields filled" name="Query Editor Test cases should handle basic query with From fields filled" time="0">
    </testcase>
    <testcase classname="Query Editor Test cases should handle basic query with values in from field and rawquery On" name="Query Editor Test cases should handle basic query with values in from field and rawquery On" time="0">
    </testcase>
    <testcase classname="Query Editor Test cases should handle basic query with From and Select fields filled" name="Query Editor Test cases should handle basic query with From and Select fields filled" time="0.001">
    </testcase>
    <testcase classname="Query Editor Test cases should handle basic query with values in From ,Select fields and rawquery On" name="Query Editor Test cases should handle basic query with values in From ,Select fields and rawquery On" time="0">
    </testcase>
    <testcase classname="Query Editor Test cases should handle basic query with all fields filled" name="Query Editor Test cases should handle basic query with all fields filled" time="0">
    </testcase>
    <testcase classname="Query Editor Test cases should handle basic query with values in all fields and rawquery On" name="Query Editor Test cases should handle basic query with values in all fields and rawquery On" time="0">
    </testcase>
    <testcase classname="Query Editor Test cases should handle complex query with value in group,select,where" name="Query Editor Test cases should handle complex query with value in group,select,where" time="0">
    </testcase>
    <testcase classname="Query Editor Test cases should handle complex query with value in group,select,where with rawQuery On" name="Query Editor Test cases should handle complex query with value in group,select,where with rawQuery On" time="0">
    </testcase>
  </testsuite>
  <testsuite name="undefined" errors="0" failures="0" skipped="0" timestamp="2023-02-17T13:31:32" time="0.391" tests="3">
    <testcase classname=" Verifying functionality of unwrap function keeping value null" name=" Verifying functionality of unwrap function keeping value null" time="0.003">
    </testcase>
    <testcase classname=" Verifying functionality of unwrap function keeping value undefined" name=" Verifying functionality of unwrap function keeping value undefined" time="0.001">
    </testcase>
    <testcase classname="  Verifying functionality of unwrap function passing numeric value" name="  Verifying functionality of unwrap function passing numeric value" time="0.001">
    </testcase>
  </testsuite>
  <testsuite name="undefined" errors="0" failures="0" skipped="0" timestamp="2023-02-17T13:31:32" time="0.349" tests="1">
    <testcase classname=" Checking working functionality of toSelectableValue function" name=" Checking working functionality of toSelectableValue function" time="0.008">
    </testcase>
  </testsuite>
</testsuites>